Arguments: 
  /usr/local/bin/node /Users/cuzchen/.yarn/bin/yarn.js add ts-ndoe-dev -D

PATH: 
  /Users/cuzchen/.yarn/bin:/Users/cuzchen/.config/yarn/global/node_modules/.bin:/opt/homebrew/bin:/opt/homebrew/sbin:/opt/local/bin:/opt/local/sbin:/usr/local/bin:/usr/bin:/bin:/usr/sbin:/sbin:/Applications/VMware Fusion.app/Contents/Public:/Users/cuzchen/.yarn/bin:/Users/cuzchen/.config/yarn/global/node_modules/.bin:/opt/homebrew/bin:/opt/homebrew/sbin:/opt/local/bin:/opt/local/sbin

Yarn version: 
  1.22.5

Node version: 
  14.16.1

Platform: 
  darwin x64

Trace: 
  Error: https://registry.npm.taobao.org/ts-ndoe-dev: Not found
      at Request.params.callback [as _callback] (/Users/cuzchen/.yarn/lib/cli.js:66988:18)
      at Request.self.callback (/Users/cuzchen/.yarn/lib/cli.js:140749:22)
      at Request.emit (events.js:315:20)
      at Request.<anonymous> (/Users/cuzchen/.yarn/lib/cli.js:141721:10)
      at Request.emit (events.js:315:20)
      at IncomingMessage.<anonymous> (/Users/cuzchen/.yarn/lib/cli.js:141643:12)
      at Object.onceWrapper (events.js:421:28)
      at IncomingMessage.emit (events.js:327:22)
      at endReadableNT (internal/streams/readable.js:1327:12)
      at processTicksAndRejections (internal/process/task_queues.js:80:21)

npm manifest: 
  {
    "name": "mini-browser",
    "version": "1.0.0",
    "description": "",
    "main": "index.js",
    "scripts": {
      "test": "echo \"Error: no test specified\" && exit 1",
      "serve": "ts-node server.ts"
    },
    "keywords": [],
    "author": "",
    "license": "ISC",
    "devDependencies": {
      "@types/node": "^16.9.1",
      "ts-node": "^10.2.1",
      "typescript": "^4.4.3"
    }
  }

yarn manifest: 
  No manifest

Lockfile: 
  No lockfile
